#-----------------------------------------------------------
# Vivado v2018.1 (64-bit)
# SW Build 2188600 on Wed Apr  4 18:40:38 MDT 2018
# IP Build 2185939 on Wed Apr  4 20:55:05 MDT 2018
# Start of session at: Tue Jun 12 01:31:56 2018
# Process ID: 15248
# Current directory: C:/Users/yahya/Documents/Vivado/Lab02
# Command line: vivado.exe -gui_launcher_event rodinguilauncherevent6112 C:\Users\yahya\Documents\Vivado\Lab02\Lab02.xpr
# Log file: C:/Users/yahya/Documents/Vivado/Lab02/vivado.log
# Journal file: C:/Users/yahya/Documents/Vivado/Lab02\vivado.jou
#-----------------------------------------------------------
start_gui
open_project C:/Users/yahya/Documents/Vivado/Lab02/Lab02.xpr
Scanning sources...
Finished scanning sources
INFO: [IP_Flow 19-234] Refreshing IP repositories
INFO: [IP_Flow 19-1704] No user IP repositories specified
INFO: [IP_Flow 19-2313] Loaded Vivado IP repository 'C:/Xilinx/Vivado/2018.1/data/ip'.
INFO: [Common 17-41] Interrupt caught. Command should exit soon.
INFO: [Common 17-344] 'open_project' was cancelled
exit
INFO: [Common 17-206] Exiting Vivado at Tue Jun 12 01:47:06 2018...
